# JRE version: OpenJDK Runtime Environment (23.0.1+13) (build 23.0.1+13)
# Java VM: OpenJDK 64-Bit Server VM (23.0.1+13, mixed mode, tiered, compressed oops, compressed class ptrs, g1 gc, windows-amd64)
GC Precious Log:
 CardTable entry size: 512
 Card Set container configuration: InlinePtr #cards 4 size 8 Array Of Cards #cards 16 size 48 Howl #buckets 8 coarsen threshold 3686 Howl Bitmap #cards 512 size 80 coarsen threshold 460 Card regions per heap region 1 cards per card region 4096
 CPUs: 16 total, 16 available
 Memory: 15985M
 Large Page Support: Disabled
 NUMA Support: Disabled
 Compressed Oops: Enabled (Zero based)
 Heap Region Size: 2M
 Heap Min Capacity: 8M
 Heap Initial Capacity: 250M
 Heap Max Capacity: 3998M
 Pre-touch: Disabled
 Parallel Workers: 13
 Concurrent Workers: 3
 Concurrent Refinement Workers: 13
 Periodic GC: Disabled
Heap:
 garbage-first heap   total reserved 4093952K, committed 294912K, used 270014K [0x0000000706200000, 0x0000000800000000)
  region size 2048K, 15 young (30720K), 1 survivors (2048K)
 Metaspace       used 73286K, committed 74240K, reserved 1114112K
  class space    used 8821K, committed 9216K, reserved 1048576K
GC Heap History (20 events):
Event: 34.623 GC heap before
{Heap before GC invocations=21 (full 0):
 garbage-first heap   total reserved 4093952K, committed 192512K, used 160622K [0x0000000706200000, 0x0000000800000000)
  region size 2048K, 41 young (83968K), 2 survivors (4096K)
 Metaspace       used 70437K, committed 71232K, reserved 1114112K
  class space    used 8652K, committed 9024K, reserved 1048576K
}
Event: 34.625 GC heap after
{Heap after GC invocations=22 (full 0):
 garbage-first heap   total reserved 4093952K, committed 192512K, used 82337K [0x0000000706200000, 0x0000000800000000)
  region size 2048K, 3 young (6144K), 3 survivors (6144K)
 Metaspace       used 70437K, committed 71232K, reserved 1114112K
  class space    used 8652K, committed 9024K, reserved 1048576K
}
Event: 44.699 GC heap before
{Heap before GC invocations=22 (full 0):
 garbage-first heap   total reserved 4093952K, committed 192512K, used 164257K [0x0000000706200000, 0x0000000800000000)
  region size 2048K, 43 young (88064K), 3 survivors (6144K)
 Metaspace       used 70443K, committed 71232K, reserved 1114112K
  class space    used 8652K, committed 9024K, reserved 1048576K
}
Event: 44.701 GC heap after
{Heap after GC invocations=23 (full 0):
 garbage-first heap   total reserved 4093952K, committed 192512K, used 81909K [0x0000000706200000, 0x0000000800000000)
  region size 2048K, 3 young (6144K), 3 survivors (6144K)
 Metaspace       used 70443K, committed 71232K, reserved 1114112K
  class space    used 8652K, committed 9024K, reserved 1048576K
}
Event: 55.675 GC heap before
{Heap before GC invocations=23 (full 0):
 garbage-first heap   total reserved 4093952K, committed 192512K, used 165877K [0x0000000706200000, 0x0000000800000000)
  region size 2048K, 44 young (90112K), 3 survivors (6144K)
 Metaspace       used 70461K, committed 71232K, reserved 1114112K
  class space    used 8652K, committed 9024K, reserved 1048576K
}
Event: 55.677 GC heap after
{Heap after GC invocations=24 (full 0):
 garbage-first heap   total reserved 4093952K, committed 192512K, used 82021K [0x0000000706200000, 0x0000000800000000)
  region size 2048K, 3 young (6144K), 3 survivors (6144K)
 Metaspace       used 70461K, committed 71232K, reserved 1114112K
  class space    used 8652K, committed 9024K, reserved 1048576K
}
Event: 69.606 GC heap before
{Heap before GC invocations=24 (full 0):
 garbage-first heap   total reserved 4093952K, committed 192512K, used 168037K [0x0000000706200000, 0x0000000800000000)
  region size 2048K, 45 young (92160K), 3 survivors (6144K)
 Metaspace       used 72997K, committed 73728K, reserved 1114112K
  class space    used 8899K, committed 9216K, reserved 1048576K
}
Event: 69.607 GC heap after
{Heap after GC invocations=25 (full 0):
 garbage-first heap   total reserved 4093952K, committed 192512K, used 81094K [0x0000000706200000, 0x0000000800000000)
  region size 2048K, 3 young (6144K), 3 survivors (6144K)
 Metaspace       used 72997K, committed 73728K, reserved 1114112K
  class space    used 8899K, committed 9216K, reserved 1048576K
}
Event: 6466.500 GC heap before
{Heap before GC invocations=25 (full 0):
 garbage-first heap   total reserved 4093952K, committed 192512K, used 169158K [0x0000000706200000, 0x0000000800000000)
  region size 2048K, 46 young (94208K), 3 survivors (6144K)
 Metaspace       used 73040K, committed 73792K, reserved 1114112K
  class space    used 8902K, committed 9216K, reserved 1048576K
}
Event: 6466.544 GC heap after
{Heap after GC invocations=26 (full 0):
 garbage-first heap   total reserved 4093952K, committed 192512K, used 80304K [0x0000000706200000, 0x0000000800000000)
  region size 2048K, 2 young (4096K), 2 survivors (4096K)
 Metaspace       used 73040K, committed 73792K, reserved 1114112K
  class space    used 8902K, committed 9216K, reserved 1048576K
}
Event: 6466.828 GC heap before
{Heap before GC invocations=26 (full 0):
 garbage-first heap   total reserved 4093952K, committed 192512K, used 80304K [0x0000000706200000, 0x0000000800000000)
  region size 2048K, 3 young (6144K), 2 survivors (4096K)
 Metaspace       used 73047K, committed 73792K, reserved 1114112K
  class space    used 8902K, committed 9216K, reserved 1048576K
}
Event: 6466.858 GC heap after
{Heap after GC invocations=27 (full 0):
 garbage-first heap   total reserved 4093952K, committed 192512K, used 79046K [0x0000000706200000, 0x0000000800000000)
  region size 2048K, 2 young (4096K), 2 survivors (4096K)
 Metaspace       used 73047K, committed 73792K, reserved 1114112K
  class space    used 8902K, committed 9216K, reserved 1048576K
}
Event: 6467.268 GC heap before
{Heap before GC invocations=27 (full 0):
 garbage-first heap   total reserved 4093952K, committed 192512K, used 95430K [0x0000000706200000, 0x0000000800000000)
  region size 2048K, 4 young (8192K), 2 survivors (4096K)
 Metaspace       used 73068K, committed 73792K, reserved 1114112K
  class space    used 8902K, committed 9216K, reserved 1048576K
}
Event: 6467.273 GC heap after
{Heap after GC invocations=28 (full 0):
 garbage-first heap   total reserved 4093952K, committed 192512K, used 93474K [0x0000000706200000, 0x0000000800000000)
  region size 2048K, 2 young (4096K), 2 survivors (4096K)
 Metaspace       used 73068K, committed 73792K, reserved 1114112K
  class space    used 8902K, committed 9216K, reserved 1048576K
}
Event: 7523.471 GC heap before
{Heap before GC invocations=29 (full 0):
 garbage-first heap   total reserved 4093952K, committed 393216K, used 390434K [0x0000000706200000, 0x0000000800000000)
  region size 2048K, 23 young (47104K), 2 survivors (4096K)
 Metaspace       used 73238K, committed 74112K, reserved 1114112K
  class space    used 8847K, committed 9216K, reserved 1048576K
}
Event: 7523.474 GC heap after
{Heap after GC invocations=30 (full 0):
 garbage-first heap   total reserved 4093952K, committed 397312K, used 347431K [0x0000000706200000, 0x0000000800000000)
  region size 2048K, 2 young (4096K), 2 survivors (4096K)
 Metaspace       used 73238K, committed 74112K, reserved 1114112K
  class space    used 8847K, committed 9216K, reserved 1048576K
}
Event: 7947.616 GC heap before
{Heap before GC invocations=30 (full 0):
 garbage-first heap   total reserved 4093952K, committed 526336K, used 511271K [0x0000000706200000, 0x0000000800000000)
  region size 2048K, 12 young (24576K), 2 survivors (4096K)
 Metaspace       used 73311K, committed 74176K, reserved 1114112K
  class space    used 8847K, committed 9216K, reserved 1048576K
}
Event: 7947.621 GC heap after
{Heap after GC invocations=31 (full 0):
 garbage-first heap   total reserved 4093952K, committed 526336K, used 214664K [0x0000000706200000, 0x0000000800000000)
  region size 2048K, 1 young (2048K), 1 survivors (2048K)
 Metaspace       used 73311K, committed 74176K, reserved 1114112K
  class space    used 8847K, committed 9216K, reserved 1048576K
}
Event: 7947.870 GC heap before
{Heap before GC invocations=31 (full 0):
 garbage-first heap   total reserved 4093952K, committed 526336K, used 214664K [0x0000000706200000, 0x0000000800000000)
  region size 2048K, 2 young (4096K), 1 survivors (2048K)
 Metaspace       used 73317K, committed 74176K, reserved 1114112K
  class space    used 8847K, committed 9216K, reserved 1048576K
}
Event: 7947.875 GC heap after
{Heap after GC invocations=32 (full 0):
 garbage-first heap   total reserved 4093952K, committed 526336K, used 71358K [0x0000000706200000, 0x0000000800000000)
  region size 2048K, 1 young (2048K), 1 survivors (2048K)
 Metaspace       used 73317K, committed 74176K, reserved 1114112K
  class space    used 8847K, committed 9216K, reserved 1048576K
}

